<?xml version="1.0" encoding="UTF-8"?>
<!-- Generated by org.testng.reporters.JUnitXMLReporter -->
<testsuite hostname="Hp-PC" name="Test" tests="4" failures="3" timestamp="24 Jan 2019 17:54:13 GMT" time="0.096" errors="0">
  <testcase name="Firstmethod" time="0.027" classname="projpackager.TestDemo.Tet"/>
  <testcase name="Secondtmethod" time="0.005" classname="projpackager.TestDemo.Tet">
    <failure type="java.lang.AssertionError" message="expected [true] but found [false]">
      <![CDATA[java.lang.AssertionError: expected [true] but found [false]
	at projpackager.TestDemo.Tet.Secondtmethod(Tet.java:24)
... Removed 28 stack frames]]>
    </failure>
  </testcase> <!-- Secondtmethod -->
  <testcase name="Secondtmethod" time="0.007" classname="projpackager.TestDemo.Tet">
    <failure type="java.lang.AssertionError" message="expected [true] but found [false]">
      <![CDATA[java.lang.AssertionError: expected [true] but found [false]
	at projpackager.TestDemo.Tet.Secondtmethod(Tet.java:24)
... Removed 28 stack frames]]>
    </failure>
  </testcase> <!-- Secondtmethod -->
  <testcase name="Secondtmethod" time="0.005" classname="projpackager.TestDemo.Tet">
    <failure type="java.lang.AssertionError" message="expected [true] but found [false]">
      <![CDATA[java.lang.AssertionError: expected [true] but found [false]
	at projpackager.TestDemo.Tet.Secondtmethod(Tet.java:24)
... Removed 28 stack frames]]>
    </failure>
  </testcase> <!-- Secondtmethod -->
</testsuite> <!-- Test -->
